RTCcombinedbutton/app/build/outputs/logs/manifest-merger-debug-report.txt
-- Merging decision tree log ---
manifest
ADDED from src/main/AndroidManifest.xml:2:1-82:12
	package
		ADDED from src/main/AndroidManifest.xml:3:5-67
		INJECTED from src/main/AndroidManifest.xml
		INJECTED from src/main/AndroidManifest.xml
	android:versionName
		INJECTED from src/main/AndroidManifest.xml
		INJECTED from src/main/AndroidManifest.xml
	xmlns:android
		ADDED from src/main/AndroidManifest.xml:2:11-69
	android:versionCode
		INJECTED from src/main/AndroidManifest.xml
		INJECTED from src/main/AndroidManifest.xml
uses-permission#android.permission.INTERNET
ADDED from src/main/AndroidManifest.xml:5:5-67
MERGED from [RTCcombinedbutton:mylibrary:unspecified] AndroidManifest.xml:21:5-67
MERGED from [RTCcombinedbutton:mylibrary:unspecified] AndroidManifest.xml:24:5-67
	android:name
		ADDED from src/main/AndroidManifest.xml:5:22-64
uses-permission#android.permission.ACCESS_NETWORK_STATE
ADDED from src/main/AndroidManifest.xml:6:5-79
MERGED from [RTCcombinedbutton:mylibrary:unspecified] AndroidManifest.xml:23:5-79
	android:name
		ADDED from src/main/AndroidManifest.xml:6:22-76
application
ADDED from src/main/AndroidManifest.xml:10:5-80:19
MERGED from [com.android.support:appcompat-v7:23.2.1] AndroidManifest.xml:25:5-20
MERGED from [com.android.support:support-v4:23.4.0] AndroidManifest.xml:22:5-20
MERGED from [com.android.support:animated-vector-drawable:23.2.1] AndroidManifest.xml:7:5-20
MERGED from [com.android.support:support-vector-drawable:23.2.1] AndroidManifest.xml:7:5-20
MERGED from [com.android.support:support-v4:23.4.0] AndroidManifest.xml:22:5-20
MERGED from [com.android.support:support-vector-drawable:23.2.1] AndroidManifest.xml:7:5-20
MERGED from [com.android.support:support-v4:23.4.0] AndroidManifest.xml:22:5-20
MERGED from [com.android.support:design:23.1.1] AndroidManifest.xml:22:5-20
MERGED from [com.android.support:appcompat-v7:23.2.1] AndroidManifest.xml:25:5-20
MERGED from [com.android.support:support-v4:23.4.0] AndroidManifest.xml:22:5-20
MERGED from [com.android.support:animated-vector-drawable:23.2.1] AndroidManifest.xml:7:5-20
MERGED from [com.android.support:support-vector-drawable:23.2.1] AndroidManifest.xml:7:5-20
MERGED from [com.android.support:support-v4:23.4.0] AndroidManifest.xml:22:5-20
MERGED from [com.android.support:support-vector-drawable:23.2.1] AndroidManifest.xml:7:5-20
MERGED from [com.android.support:support-v4:23.4.0] AndroidManifest.xml:22:5-20
MERGED from [com.android.support:support-v4:23.4.0] AndroidManifest.xml:22:5-20
MERGED from [com.android.support:support-v4:23.4.0] AndroidManifest.xml:22:5-20
MERGED from [com.android.support:cardview-v7:23.4.0] AndroidManifest.xml:22:5-20
MERGED from [com.android.support:support-v4:23.4.0] AndroidManifest.xml:22:5-20
MERGED from [RTCcombinedbutton:mylibrary:unspecified] AndroidManifest.xml:26:5-64:19
MERGED from [com.google.android.gms:play-services-appindexing:8.4.0] AndroidManifest.xml:19:5-20
MERGED from [com.google.android.gms:play-services-basement:8.4.0] AndroidManifest.xml:20:5-24:19
MERGED from [com.android.support:support-v4:23.4.0] AndroidManifest.xml:22:5-20
	android:label
		ADDED from src/main/AndroidManifest.xml:12:9-41
	android:supportsRtl
		ADDED from src/main/AndroidManifest.xml:13:9-35
	android:allowBackup
		ADDED from src/main/AndroidManifest.xml:11:9-36
	android:icon
		ADDED from [RTCcombinedbutton:mylibrary:unspecified] AndroidManifest.xml:28:9-45
	android:theme
		ADDED from src/main/AndroidManifest.xml:14:9-40
activity#com.amazonaws.youruserpools.MainActivity
ADDED from src/main/AndroidManifest.xml:15:9-23:20
	android:theme
		ADDED from src/main/AndroidManifest.xml:17:13-56
	android:name
		ADDED from src/main/AndroidManifest.xml:16:13-68
intent-filter#android.intent.action.MAIN+android.intent.category.LAUNCHER
ADDED from src/main/AndroidManifest.xml:18:13-22:29
action#android.intent.action.MAIN
ADDED from src/main/AndroidManifest.xml:19:17-69
	android:name
		ADDED from src/main/AndroidManifest.xml:19:25-66
category#android.intent.category.LAUNCHER
ADDED from src/main/AndroidManifest.xml:21:17-77
	android:name
		ADDED from src/main/AndroidManifest.xml:21:27-74
activity#com.amazonaws.youruserpools.UserActivity
ADDED from src/main/AndroidManifest.xml:24:9-31:20
	android:label
		ADDED from src/main/AndroidManifest.xml:26:13-56
	android:theme
		ADDED from src/main/AndroidManifest.xml:27:13-56
	android:name
		ADDED from src/main/AndroidManifest.xml:25:13-68
intent-filter#android.intent.video
ADDED from src/main/AndroidManifest.xml:28:13-30:29
action#android.intent.video
ADDED from src/main/AndroidManifest.xml:29:17-63
	android:name
		ADDED from src/main/AndroidManifest.xml:29:25-60
activity#com.amazonaws.youruserpools.RegisterUser
ADDED from src/main/AndroidManifest.xml:32:9-34:59
	android:theme
		ADDED from src/main/AndroidManifest.xml:34:13-56
	android:name
		ADDED from src/main/AndroidManifest.xml:33:13-68
activity#com.amazonaws.youruserpools.AboutApp
ADDED from src/main/AndroidManifest.xml:35:9-38:59
	android:label
		ADDED from src/main/AndroidManifest.xml:37:13-61
	android:theme
		ADDED from src/main/AndroidManifest.xml:38:13-56
	android:name
		ADDED from src/main/AndroidManifest.xml:36:13-64
activity#com.amazonaws.youruserpools.SignUpConfirm
ADDED from src/main/AndroidManifest.xml:39:9-42:59
	android:label
		ADDED from src/main/AndroidManifest.xml:41:13-67
	android:theme
		ADDED from src/main/AndroidManifest.xml:42:13-56
	android:name
		ADDED from src/main/AndroidManifest.xml:40:13-69
activity#com.amazonaws.youruserpools.MFAActivity
ADDED from src/main/AndroidManifest.xml:43:9-46:59
	android:label
		ADDED from src/main/AndroidManifest.xml:45:13-55
	android:theme
		ADDED from src/main/AndroidManifest.xml:46:13-56
	android:name
		ADDED from src/main/AndroidManifest.xml:44:13-67
activity#com.amazonaws.youruserpools.ForgotPasswordActivity
ADDED from src/main/AndroidManifest.xml:47:9-50:59
	android:label
		ADDED from src/main/AndroidManifest.xml:49:13-67
	android:theme
		ADDED from src/main/AndroidManifest.xml:50:13-56
	android:name
		ADDED from src/main/AndroidManifest.xml:48:13-78
activity#com.amazonaws.youruserpools.SettingsActivity
ADDED from src/main/AndroidManifest.xml:51:9-54:59
	android:label
		ADDED from src/main/AndroidManifest.xml:53:13-60
	android:theme
		ADDED from src/main/AndroidManifest.xml:54:13-56
	android:name
		ADDED from src/main/AndroidManifest.xml:52:13-72
activity#com.amazonaws.youruserpools.ChangePasswordActivity
ADDED from src/main/AndroidManifest.xml:55:9-58:59
	android:label
		ADDED from src/main/AndroidManifest.xml:57:13-67
	android:theme
		ADDED from src/main/AndroidManifest.xml:58:13-56
	android:name
		ADDED from src/main/AndroidManifest.xml:56:13-78
activity#com.amazonaws.youruserpools.VerifyActivity
ADDED from src/main/AndroidManifest.xml:59:9-62:59
	android:label
		ADDED from src/main/AndroidManifest.xml:61:13-58
	android:theme
		ADDED from src/main/AndroidManifest.xml:62:13-56
	android:name
		ADDED from src/main/AndroidManifest.xml:60:13-70
activity#com.amazonaws.youruserpools.AddAttributeActivity
ADDED from src/main/AndroidManifest.xml:63:9-66:59
	android:label
		ADDED from src/main/AndroidManifest.xml:65:13-65
	android:theme
		ADDED from src/main/AndroidManifest.xml:66:13-56
	android:name
		ADDED from src/main/AndroidManifest.xml:64:13-76
activity#com.amazonaws.youruserpools.DeviceSettings
ADDED from src/main/AndroidManifest.xml:67:9-70:59
	android:label
		ADDED from src/main/AndroidManifest.xml:69:13-67
	android:theme
		ADDED from src/main/AndroidManifest.xml:70:13-56
	android:name
		ADDED from src/main/AndroidManifest.xml:68:13-70
activity#com.amazonaws.youruserpools.NewPassword
ADDED from src/main/AndroidManifest.xml:71:9-74:68
	android:label
		ADDED from src/main/AndroidManifest.xml:73:13-64
	android:theme
		ADDED from src/main/AndroidManifest.xml:74:13-56
	android:name
		ADDED from src/main/AndroidManifest.xml:72:13-67
meta-data#com.google.android.gms.version
ADDED from src/main/AndroidManifest.xml:76:9-78:69
MERGED from [com.google.android.gms:play-services-basement:8.4.0] AndroidManifest.xml:21:9-23:69
	android:value
		ADDED from src/main/AndroidManifest.xml:78:13-66
	android:name
		ADDED from src/main/AndroidManifest.xml:77:13-58
uses-sdk
INJECTED from src/main/AndroidManifest.xml reason: use-sdk injection requested
MERGED from [com.android.support:appcompat-v7:23.2.1] AndroidManifest.xml:21:5-23:78
MERGED from [com.android.support:support-v4:23.4.0] AndroidManifest.xml:20:5-43
MERGED from [com.android.support:animated-vector-drawable:23.2.1] AndroidManifest.xml:5:5-44
MERGED from [com.android.support:support-vector-drawable:23.2.1] AndroidManifest.xml:5:5-43
MERGED from [com.android.support:support-v4:23.4.0] AndroidManifest.xml:20:5-43
MERGED from [com.android.support:support-vector-drawable:23.2.1] AndroidManifest.xml:5:5-43
MERGED from [com.android.support:support-v4:23.4.0] AndroidManifest.xml:20:5-43
MERGED from [com.android.support:design:23.1.1] AndroidManifest.xml:20:5-43
MERGED from [com.android.support:appcompat-v7:23.2.1] AndroidManifest.xml:21:5-23:78
MERGED from [com.android.support:support-v4:23.4.0] AndroidManifest.xml:20:5-43
MERGED from [com.android.support:animated-vector-drawable:23.2.1] AndroidManifest.xml:5:5-44
MERGED from [com.android.support:support-vector-drawable:23.2.1] AndroidManifest.xml:5:5-43
MERGED from [com.android.support:support-v4:23.4.0] AndroidManifest.xml:20:5-43
MERGED from [com.android.support:support-vector-drawable:23.2.1] AndroidManifest.xml:5:5-43
MERGED from [com.android.support:support-v4:23.4.0] AndroidManifest.xml:20:5-43
MERGED from [com.android.support:recyclerview-v7:23.4.0] AndroidManifest.xml:20:5-43
MERGED from [com.android.support:support-v4:23.4.0] AndroidManifest.xml:20:5-43
MERGED from [com.android.support:support-v4:23.4.0] AndroidManifest.xml:20:5-43
MERGED from [com.android.support:cardview-v7:23.4.0] AndroidManifest.xml:20:5-43
MERGED from [com.android.support:recyclerview-v7:23.4.0] AndroidManifest.xml:20:5-43
MERGED from [com.android.support:support-v4:23.4.0] AndroidManifest.xml:20:5-43
MERGED from [RTCcombinedbutton:mylibrary:unspecified] AndroidManifest.xml:7:5-9:41
MERGED from [com.google.android.gms:play-services-appindexing:8.4.0] AndroidManifest.xml:18:5-42
MERGED from [com.google.android.gms:play-services-base:8.4.0] AndroidManifest.xml:18:5-42
MERGED from [com.google.android.gms:play-services-basement:8.4.0] AndroidManifest.xml:18:5-42
MERGED from [com.android.support:support-v4:23.4.0] AndroidManifest.xml:20:5-43
	tools:overrideLibrary
		ADDED from [com.android.support:appcompat-v7:23.2.1] AndroidManifest.xml:23:9-75
	android:targetSdkVersion
		INJECTED from src/main/AndroidManifest.xml
		INJECTED from src/main/AndroidManifest.xml
	android:minSdkVersion
		INJECTED from src/main/AndroidManifest.xml
		INJECTED from src/main/AndroidManifest.xml
uses-feature#android.hardware.camera
ADDED from [RTCcombinedbutton:mylibrary:unspecified] AndroidManifest.xml:11:5-60
	android:name
		ADDED from [RTCcombinedbutton:mylibrary:unspecified] AndroidManifest.xml:11:19-57
uses-feature#android.hardware.camera.autofocus
ADDED from [RTCcombinedbutton:mylibrary:unspecified] AndroidManifest.xml:12:5-70
	android:name
		ADDED from [RTCcombinedbutton:mylibrary:unspecified] AndroidManifest.xml:12:19-67
uses-feature#0x00020000
ADDED from [RTCcombinedbutton:mylibrary:unspecified] AndroidManifest.xml:13:5-15:35
	android:glEsVersion
		ADDED from [RTCcombinedbutton:mylibrary:unspecified] AndroidManifest.xml:14:9-41
	android:required
		ADDED from [RTCcombinedbutton:mylibrary:unspecified] AndroidManifest.xml:15:9-32
uses-permission#android.permission.CAMERA
ADDED from [RTCcombinedbutton:mylibrary:unspecified] AndroidManifest.xml:17:5-65
	android:name
		ADDED from [RTCcombinedbutton:mylibrary:unspecified] AndroidManifest.xml:17:22-62
uses-permission#android.permission.CHANGE_NETWORK_STATE
ADDED from [RTCcombinedbutton:mylibrary:unspecified] AndroidManifest.xml:18:5-79
	android:name
		ADDED from [RTCcombinedbutton:mylibrary:unspecified] AndroidManifest.xml:18:22-76
uses-permission#android.permission.MODIFY_AUDIO_SETTINGS
ADDED from [RTCcombinedbutton:mylibrary:unspecified] AndroidManifest.xml:19:5-80
	android:name
		ADDED from [RTCcombinedbutton:mylibrary:unspecified] AndroidManifest.xml:19:22-77
uses-permission#android.permission.RECORD_AUDIO
ADDED from [RTCcombinedbutton:mylibrary:unspecified] AndroidManifest.xml:20:5-71
	android:name
		ADDED from [RTCcombinedbutton:mylibrary:unspecified] AndroidManifest.xml:20:22-68
uses-permission#android.permission.WRITE_EXTERNAL_STORAGE
ADDED from [RTCcombinedbutton:mylibrary:unspecified] AndroidManifest.xml:22:5-81
	android:name
		ADDED from [RTCcombinedbutton:mylibrary:unspecified] AndroidManifest.xml:22:22-78
activity#org.appspot.apprtc.ConnectActivity
ADDED from [RTCcombinedbutton:mylibrary:unspecified] AndroidManifest.xml:30:9-52:20
	android:label
		ADDED from [RTCcombinedbutton:mylibrary:unspecified] AndroidManifest.xml:32:13-45
	android:windowSoftInputMode
		ADDED from [RTCcombinedbutton:mylibrary:unspecified] AndroidManifest.xml:33:13-52
	android:name
		ADDED from [RTCcombinedbutton:mylibrary:unspecified] AndroidManifest.xml:31:13-62
intent-filter#android.intent.action.VIEW+android.intent.category.BROWSABLE+android.intent.category.DEFAULT
ADDED from [RTCcombinedbutton:mylibrary:unspecified] AndroidManifest.xml:39:13-51:29
action#android.intent.action.VIEW
ADDED from [RTCcombinedbutton:mylibrary:unspecified] AndroidManifest.xml:40:17-69
	android:name
		ADDED from [RTCcombinedbutton:mylibrary:unspecified] AndroidManifest.xml:40:25-66
category#android.intent.category.DEFAULT
ADDED from [RTCcombinedbutton:mylibrary:unspecified] AndroidManifest.xml:42:17-76
	android:name
		ADDED from [RTCcombinedbutton:mylibrary:unspecified] AndroidManifest.xml:42:27-73
category#android.intent.category.BROWSABLE
ADDED from [RTCcombinedbutton:mylibrary:unspecified] AndroidManifest.xml:43:17-78
	android:name
		ADDED from [RTCcombinedbutton:mylibrary:unspecified] AndroidManifest.xml:43:27-75
data
ADDED from [RTCcombinedbutton:mylibrary:unspecified] AndroidManifest.xml:45:17-47:46
	android:host
		ADDED from [RTCcombinedbutton:mylibrary:unspecified] AndroidManifest.xml:46:21-43
	android:scheme
		ADDED from [RTCcombinedbutton:mylibrary:unspecified] AndroidManifest.xml:47:21-43
activity#org.appspot.apprtc.SettingsActivity
ADDED from [RTCcombinedbutton:mylibrary:unspecified] AndroidManifest.xml:53:9-56:20
	android:label
		ADDED from [RTCcombinedbutton:mylibrary:unspecified] AndroidManifest.xml:55:13-50
	android:name
		ADDED from [RTCcombinedbutton:mylibrary:unspecified] AndroidManifest.xml:54:13-63
activity#org.appspot.apprtc.CallActivity
ADDED from [RTCcombinedbutton:mylibrary:unspecified] AndroidManifest.xml:57:9-63:20
	android:screenOrientation
		ADDED from [RTCcombinedbutton:mylibrary:unspecified] AndroidManifest.xml:61:13-49
	android:label
		ADDED from [RTCcombinedbutton:mylibrary:unspecified] AndroidManifest.xml:60:13-45
	android:configChanges
		ADDED from [RTCcombinedbutton:mylibrary:unspecified] AndroidManifest.xml:59:13-59
	android:theme
		ADDED from [RTCcombinedbutton:mylibrary:unspecified] AndroidManifest.xml:62:13-53
	android:name
		ADDED from [RTCcombinedbutton:mylibrary:unspecified] AndroidManifest.xml:58:13-59
android:uses-permission#android.permission.READ_EXTERNAL_STORAGE
IMPLIED from src/main/AndroidManifest.xml:2:1-82:12 reason: org.appspot.apprtc requested WRITE_EXTERNAL_STORAGE